0 info it worked if it ends with ok
1 verbose cli [ '/usr/bin/nodejs', '/usr/bin/npm', 'install', '-g', 'git_guard' ]
2 info using npm@2.14.7
3 info using node@v4.2.2
4 verbose install initial load of /usr/lib/package.json
5 verbose readDependencies loading dependencies from /usr/lib/package.json
6 silly cache add args [ 'git_guard', null ]
7 verbose cache add spec git_guard
8 silly cache add parsed spec Result {
8 silly cache add   raw: 'git_guard',
8 silly cache add   scope: null,
8 silly cache add   name: 'git_guard',
8 silly cache add   rawSpec: '',
8 silly cache add   spec: '*',
8 silly cache add   type: 'range' }
9 silly addNamed git_guard@*
10 verbose addNamed "*" is a valid semver range for git_guard
11 silly addNameRange { name: 'git_guard', range: '*', hasData: false }
12 silly mapToRegistry name git_guard
13 silly mapToRegistry using default registry
14 silly mapToRegistry registry https://registry.npmjs.org/
15 silly mapToRegistry uri https://registry.npmjs.org/git_guard
16 verbose addNameRange registry:https://registry.npmjs.org/git_guard not in flight; fetching
17 verbose request uri https://registry.npmjs.org/git_guard
18 verbose request no auth needed
19 info attempt registry request try #1 at 8:13:10 PM
20 verbose request id 9b0485bc6e6454b7
21 http request GET https://registry.npmjs.org/git_guard
22 http 404 https://registry.npmjs.org/git_guard
23 verbose headers { 'content-type': 'application/json',
23 verbose headers   'cache-control': 'max-age=0',
23 verbose headers   'content-length': '2',
23 verbose headers   'accept-ranges': 'bytes',
23 verbose headers   date: 'Tue, 17 Nov 2015 02:13:11 GMT',
23 verbose headers   via: '1.1 varnish',
23 verbose headers   age: '0',
23 verbose headers   connection: 'keep-alive',
23 verbose headers   'x-served-by': 'cache-ord1731-ORD',
23 verbose headers   'x-cache': 'MISS',
23 verbose headers   'x-cache-hits': '0',
23 verbose headers   'x-timer': 'S1447726391.079222,VS0,VE41' }
24 silly get cb [ 404,
24 silly get   { 'content-type': 'application/json',
24 silly get     'cache-control': 'max-age=0',
24 silly get     'content-length': '2',
24 silly get     'accept-ranges': 'bytes',
24 silly get     date: 'Tue, 17 Nov 2015 02:13:11 GMT',
24 silly get     via: '1.1 varnish',
24 silly get     age: '0',
24 silly get     connection: 'keep-alive',
24 silly get     'x-served-by': 'cache-ord1731-ORD',
24 silly get     'x-cache': 'MISS',
24 silly get     'x-cache-hits': '0',
24 silly get     'x-timer': 'S1447726391.079222,VS0,VE41' } ]
25 verbose stack Error: Registry returned 404 for GET on https://registry.npmjs.org/git_guard
25 verbose stack     at makeError (/usr/lib/node_modules/npm/node_modules/npm-registry-client/lib/request.js:264:12)
25 verbose stack     at CachingRegistryClient.<anonymous> (/usr/lib/node_modules/npm/node_modules/npm-registry-client/lib/request.js:242:14)
25 verbose stack     at Request._callback (/usr/lib/node_modules/npm/node_modules/npm-registry-client/lib/request.js:172:14)
25 verbose stack     at Request.self.callback (/usr/lib/node_modules/npm/node_modules/request/request.js:198:22)
25 verbose stack     at emitTwo (events.js:87:13)
25 verbose stack     at Request.emit (events.js:172:7)
25 verbose stack     at Request.<anonymous> (/usr/lib/node_modules/npm/node_modules/request/request.js:1063:14)
25 verbose stack     at emitOne (events.js:82:20)
25 verbose stack     at Request.emit (events.js:169:7)
25 verbose stack     at IncomingMessage.<anonymous> (/usr/lib/node_modules/npm/node_modules/request/request.js:1009:12)
26 verbose statusCode 404
27 verbose pkgid git_guard
28 verbose cwd /home/jay88/Sites/dribble_clone
29 error Linux 4.2.0-18-generic
30 error argv "/usr/bin/nodejs" "/usr/bin/npm" "install" "-g" "git_guard"
31 error node v4.2.2
32 error npm  v2.14.7
33 error code E404
34 error 404 Registry returned 404 for GET on https://registry.npmjs.org/git_guard
34 error 404
34 error 404 'git_guard' is not in the npm registry.
34 error 404 You should bug the author to publish it (or use the name yourself!)
34 error 404
34 error 404 Note that you can also install from a
34 error 404 tarball, folder, http url, or git url.
35 verbose exit [ 1, true ]
